# JRE version: OpenJDK Runtime Environment Microsoft-14941484 (21.0.12.1+1) (build 21.0.12.1+1-LTS)
# Java VM: OpenJDK 64-Bit Server VM Microsoft-14941484 (21.0.12.1+1-LTS, mixed mode, sharing, tiered, compressed oops, compressed class ptrs, g1 gc, windows-amd64)
GC Precious Log:
 CardTable entry size: 512
 Card Set container configuration: InlinePtr #cards 5 size 8 Array Of Cards #cards 12 size 40 Howl #buckets 4 coarsen threshold 1843 Howl Bitmap #cards 512 size 80 coarsen threshold 460 Card regions per heap region 1 cards per card region 2048
 CPUs: 8 total, 8 available
 Memory: 5877M
 Large Page Support: Disabled
 NUMA Support: Disabled
 Compressed Oops: Enabled (32-bit)
 Heap Region Size: 1M
 Heap Min Capacity: 8M
 Heap Initial Capacity: 92M
 Heap Max Capacity: 1470M
 Pre-touch: Disabled
 Parallel Workers: 8
 Concurrent Workers: 2
 Concurrent Refinement Workers: 8
 Periodic GC: Disabled
Heap:
 garbage-first heap   total 143360K, used 102912K [0x00000000a4200000, 0x0000000100000000)
  region size 1024K, 59 young (60416K), 3 survivors (3072K)
 Metaspace       used 30282K, committed 30784K, reserved 1114112K
  class space    used 3427K, committed 3648K, reserved 1048576K
GC Heap History (18 events):
Event: 3.001 GC heap before
{Heap before GC invocations=0 (full 0):
 garbage-first heap   total 94208K, used 22528K [0x00000000a4200000, 0x0000000100000000)
  region size 1024K, 23 young (23552K), 0 survivors (0K)
 Metaspace       used 5641K, committed 5888K, reserved 1114112K
  class space    used 664K, committed 768K, reserved 1048576K
}
Event: 3.012 GC heap after
{Heap after GC invocations=1 (full 0):
 garbage-first heap   total 94208K, used 3656K [0x00000000a4200000, 0x0000000100000000)
  region size 1024K, 3 young (3072K), 3 survivors (3072K)
 Metaspace       used 5641K, committed 5888K, reserved 1114112K
  class space    used 664K, committed 768K, reserved 1048576K
}
Event: 3.875 GC heap before
{Heap before GC invocations=1 (full 0):
 garbage-first heap   total 94208K, used 35400K [0x00000000a4200000, 0x0000000100000000)
  region size 1024K, 34 young (34816K), 3 survivors (3072K)
 Metaspace       used 8581K, committed 8704K, reserved 1114112K
  class space    used 1028K, committed 1088K, reserved 1048576K
}
Event: 3.883 GC heap after
{Heap after GC invocations=2 (full 0):
 garbage-first heap   total 94208K, used 5379K [0x00000000a4200000, 0x0000000100000000)
  region size 1024K, 2 young (2048K), 2 survivors (2048K)
 Metaspace       used 8581K, committed 8704K, reserved 1114112K
  class space    used 1028K, committed 1088K, reserved 1048576K
}
Event: 5.898 GC heap before
{Heap before GC invocations=2 (full 0):
 garbage-first heap   total 94208K, used 59651K [0x00000000a4200000, 0x0000000100000000)
  region size 1024K, 55 young (56320K), 2 survivors (2048K)
 Metaspace       used 15207K, committed 15424K, reserved 1114112K
  class space    used 1826K, committed 1920K, reserved 1048576K
}
Event: 5.916 GC heap after
{Heap after GC invocations=3 (full 0):
 garbage-first heap   total 94208K, used 11264K [0x00000000a4200000, 0x0000000100000000)
  region size 1024K, 7 young (7168K), 7 survivors (7168K)
 Metaspace       used 15207K, committed 15424K, reserved 1114112K
  class space    used 1826K, committed 1920K, reserved 1048576K
}
Event: 7.521 GC heap before
{Heap before GC invocations=3 (full 0):
 garbage-first heap   total 94208K, used 60416K [0x00000000a4200000, 0x0000000100000000)
  region size 1024K, 55 young (56320K), 7 survivors (7168K)
 Metaspace       used 16079K, committed 16384K, reserved 1114112K
  class space    used 1879K, committed 1984K, reserved 1048576K
}
Event: 7.541 GC heap after
{Heap after GC invocations=4 (full 0):
 garbage-first heap   total 94208K, used 14848K [0x00000000a4200000, 0x0000000100000000)
  region size 1024K, 4 young (4096K), 4 survivors (4096K)
 Metaspace       used 16079K, committed 16384K, reserved 1114112K
  class space    used 1879K, committed 1984K, reserved 1048576K
}
Event: 10.461 GC heap before
{Heap before GC invocations=4 (full 0):
 garbage-first heap   total 94208K, used 70144K [0x00000000a4200000, 0x0000000100000000)
  region size 1024K, 55 young (56320K), 4 survivors (4096K)
 Metaspace       used 20213K, committed 20480K, reserved 1114112K
  class space    used 2343K, committed 2432K, reserved 1048576K
}
Event: 10.473 GC heap after
{Heap after GC invocations=5 (full 0):
 garbage-first heap   total 94208K, used 19456K [0x00000000a4200000, 0x0000000100000000)
  region size 1024K, 6 young (6144K), 6 survivors (6144K)
 Metaspace       used 20213K, committed 20480K, reserved 1114112K
  class space    used 2343K, committed 2432K, reserved 1048576K
}
Event: 10.653 GC heap before
{Heap before GC invocations=5 (full 0):
 garbage-first heap   total 94208K, used 30720K [0x00000000a4200000, 0x0000000100000000)
  region size 1024K, 16 young (16384K), 6 survivors (6144K)
 Metaspace       used 21204K, committed 21504K, reserved 1114112K
  class space    used 2500K, committed 2688K, reserved 1048576K
}
Event: 10.664 GC heap after
{Heap after GC invocations=6 (full 0):
 garbage-first heap   total 94208K, used 24470K [0x00000000a4200000, 0x0000000100000000)
  region size 1024K, 7 young (7168K), 7 survivors (7168K)
 Metaspace       used 21204K, committed 21504K, reserved 1114112K
  class space    used 2500K, committed 2688K, reserved 1048576K
}
Event: 13.115 GC heap before
{Heap before GC invocations=7 (full 0):
 garbage-first heap   total 86016K, used 73622K [0x00000000a4200000, 0x0000000100000000)
  region size 1024K, 55 young (56320K), 7 survivors (7168K)
 Metaspace       used 26486K, committed 26816K, reserved 1114112K
  class space    used 3052K, committed 3200K, reserved 1048576K
}
Event: 13.160 GC heap after
{Heap after GC invocations=8 (full 0):
 garbage-first heap   total 97280K, used 37782K [0x00000000a4200000, 0x0000000100000000)
  region size 1024K, 7 young (7168K), 7 survivors (7168K)
 Metaspace       used 26486K, committed 26816K, reserved 1114112K
  class space    used 3052K, committed 3200K, reserved 1048576K
}
Event: 13.915 GC heap before
{Heap before GC invocations=8 (full 0):
 garbage-first heap   total 97280K, used 75670K [0x00000000a4200000, 0x0000000100000000)
  region size 1024K, 44 young (45056K), 7 survivors (7168K)
 Metaspace       used 27138K, committed 27520K, reserved 1114112K
  class space    used 3091K, committed 3264K, reserved 1048576K
}
Event: 13.941 GC heap after
{Heap after GC invocations=9 (full 0):
 garbage-first heap   total 97280K, used 44032K [0x00000000a4200000, 0x0000000100000000)
  region size 1024K, 6 young (6144K), 6 survivors (6144K)
 Metaspace       used 27138K, committed 27520K, reserved 1114112K
  class space    used 3091K, committed 3264K, reserved 1048576K
}
Event: 15.463 GC heap before
{Heap before GC invocations=9 (full 0):
 garbage-first heap   total 97280K, used 77824K [0x00000000a4200000, 0x0000000100000000)
  region size 1024K, 40 young (40960K), 6 survivors (6144K)
 Metaspace       used 28904K, committed 29248K, reserved 1114112K
  class space    used 3274K, committed 3456K, reserved 1048576K
}
Event: 15.479 GC heap after
{Heap after GC invocations=10 (full 0):
 garbage-first heap   total 143360K, used 46592K [0x00000000a4200000, 0x0000000100000000)
  region size 1024K, 3 young (3072K), 3 survivors (3072K)
 Metaspace       used 28904K, committed 29248K, reserved 1114112K
  class space    used 3274K, committed 3456K, reserved 1048576K
}

